# JRE version: Java(TM) SE Runtime Environment (21.0.1+12) (build 21.0.1+12-LTS-29)
# Java VM: Java HotSpot(TM) 64-Bit Server VM (21.0.1+12-LTS-29, mixed mode, sharing, tiered, compressed oops, compressed class ptrs, g1 gc, windows-amd64)
GC Precious Log:
 CardTable entry size: 512
 Card Set container configuration: InlinePtr #cards 5 size 8 Array Of Cards #cards 12 size 40 Howl #buckets 4 coarsen threshold 1843 Howl Bitmap #cards 512 size 80 coarsen threshold 460 Card regions per heap region 1 cards per card region 2048
 CPUs: 12 total, 12 available
 Memory: 6005M
 Large Page Support: Disabled
 NUMA Support: Disabled
 Compressed Oops: Enabled (32-bit)
 Heap Region Size: 1M
 Heap Min Capacity: 8M
 Heap Initial Capacity: 94M
 Heap Max Capacity: 2G
 Pre-touch: Disabled
 Parallel Workers: 10
 Concurrent Workers: 3
 Concurrent Refinement Workers: 10
 Periodic GC: Disabled
Heap:
 garbage-first heap   total 201728K, used 120880K [0x0000000080000000, 0x0000000100000000)
  region size 1024K, 8 young (8192K), 8 survivors (8192K)
 Metaspace       used 87369K, committed 89472K, reserved 1179648K
  class space    used 12065K, committed 13120K, reserved 1048576K
GC Heap History (20 events):
Event: 15.751 GC heap after
{Heap after GC invocations=28 (full 0):
 garbage-first heap   total 119808K, used 70453K [0x0000000080000000, 0x0000000100000000)
  region size 1024K, 2 young (2048K), 2 survivors (2048K)
 Metaspace       used 71681K, committed 73664K, reserved 1114112K
  class space    used 9959K, committed 10944K, reserved 1048576K
}
Event: 16.497 GC heap before
{Heap before GC invocations=28 (full 0):
 garbage-first heap   total 119808K, used 108341K [0x0000000080000000, 0x0000000100000000)
  region size 1024K, 39 young (39936K), 2 survivors (2048K)
 Metaspace       used 74494K, committed 76416K, reserved 1179648K
  class space    used 10519K, committed 11456K, reserved 1048576K
}
Event: 16.499 GC heap after
{Heap after GC invocations=29 (full 0):
 garbage-first heap   total 119808K, used 70161K [0x0000000080000000, 0x0000000100000000)
  region size 1024K, 3 young (3072K), 3 survivors (3072K)
 Metaspace       used 74494K, committed 76416K, reserved 1179648K
  class space    used 10519K, committed 11456K, reserved 1048576K
}
Event: 17.152 GC heap before
{Heap before GC invocations=29 (full 0):
 garbage-first heap   total 119808K, used 108049K [0x0000000080000000, 0x0000000100000000)
  region size 1024K, 40 young (40960K), 3 survivors (3072K)
 Metaspace       used 77361K, committed 79360K, reserved 1179648K
  class space    used 10926K, committed 11904K, reserved 1048576K
}
Event: 17.156 GC heap after
{Heap after GC invocations=30 (full 0):
 garbage-first heap   total 119808K, used 71910K [0x0000000080000000, 0x0000000100000000)
  region size 1024K, 4 young (4096K), 4 survivors (4096K)
 Metaspace       used 77361K, committed 79360K, reserved 1179648K
  class space    used 10926K, committed 11904K, reserved 1048576K
}
Event: 17.735 GC heap before
{Heap before GC invocations=31 (full 0):
 garbage-first heap   total 124928K, used 111846K [0x0000000080000000, 0x0000000100000000)
  region size 1024K, 39 young (39936K), 4 survivors (4096K)
 Metaspace       used 80652K, committed 82688K, reserved 1179648K
  class space    used 11282K, committed 12288K, reserved 1048576K
}
Event: 17.742 GC heap after
{Heap after GC invocations=32 (full 0):
 garbage-first heap   total 124928K, used 76178K [0x0000000080000000, 0x0000000100000000)
  region size 1024K, 5 young (5120K), 5 survivors (5120K)
 Metaspace       used 80652K, committed 82688K, reserved 1179648K
  class space    used 11282K, committed 12288K, reserved 1048576K
}
Event: 18.489 GC heap before
{Heap before GC invocations=32 (full 0):
 garbage-first heap   total 124928K, used 110994K [0x0000000080000000, 0x0000000100000000)
  region size 1024K, 40 young (40960K), 5 survivors (5120K)
 Metaspace       used 82580K, committed 84608K, reserved 1179648K
  class space    used 11609K, committed 12608K, reserved 1048576K
}
Event: 18.497 GC heap after
{Heap after GC invocations=33 (full 0):
 garbage-first heap   total 124928K, used 80896K [0x0000000080000000, 0x0000000100000000)
  region size 1024K, 5 young (5120K), 5 survivors (5120K)
 Metaspace       used 82580K, committed 84608K, reserved 1179648K
  class space    used 11609K, committed 12608K, reserved 1048576K
}
Event: 18.630 GC heap before
{Heap before GC invocations=33 (full 0):
 garbage-first heap   total 124928K, used 111616K [0x0000000080000000, 0x0000000100000000)
  region size 1024K, 36 young (36864K), 5 survivors (5120K)
 Metaspace       used 82622K, committed 84672K, reserved 1179648K
  class space    used 11610K, committed 12608K, reserved 1048576K
}
Event: 18.634 GC heap after
{Heap after GC invocations=34 (full 0):
 garbage-first heap   total 124928K, used 82941K [0x0000000080000000, 0x0000000100000000)
  region size 1024K, 4 young (4096K), 4 survivors (4096K)
 Metaspace       used 82622K, committed 84672K, reserved 1179648K
  class space    used 11610K, committed 12608K, reserved 1048576K
}
Event: 20.125 GC heap before
{Heap before GC invocations=35 (full 0):
 garbage-first heap   total 150528K, used 110589K [0x0000000080000000, 0x0000000100000000)
  region size 1024K, 32 young (32768K), 4 survivors (4096K)
 Metaspace       used 85592K, committed 87616K, reserved 1179648K
  class space    used 11930K, committed 12928K, reserved 1048576K
}
Event: 20.130 GC heap after
{Heap after GC invocations=36 (full 0):
 garbage-first heap   total 150528K, used 85000K [0x0000000080000000, 0x0000000100000000)
  region size 1024K, 4 young (4096K), 4 survivors (4096K)
 Metaspace       used 85592K, committed 87616K, reserved 1179648K
  class space    used 11930K, committed 12928K, reserved 1048576K
}
Event: 21.131 GC heap before
{Heap before GC invocations=36 (full 0):
 garbage-first heap   total 150528K, used 140296K [0x0000000080000000, 0x0000000100000000)
  region size 1024K, 50 young (51200K), 4 survivors (4096K)
 Metaspace       used 85775K, committed 87872K, reserved 1179648K
  class space    used 11931K, committed 12928K, reserved 1048576K
}
Event: 21.146 GC heap after
{Heap after GC invocations=37 (full 0):
 garbage-first heap   total 169984K, used 108316K [0x0000000080000000, 0x0000000100000000)
  region size 1024K, 7 young (7168K), 7 survivors (7168K)
 Metaspace       used 85775K, committed 87872K, reserved 1179648K
  class space    used 11931K, committed 12928K, reserved 1048576K
}
Event: 21.530 GC heap before
{Heap before GC invocations=37 (full 0):
 garbage-first heap   total 169984K, used 122652K [0x0000000080000000, 0x0000000100000000)
  region size 1024K, 23 young (23552K), 7 survivors (7168K)
 Metaspace       used 86247K, committed 88320K, reserved 1179648K
  class space    used 11978K, committed 12992K, reserved 1048576K
}
Event: 21.538 GC heap after
{Heap after GC invocations=38 (full 0):
 garbage-first heap   total 169984K, used 112397K [0x0000000080000000, 0x0000000100000000)
  region size 1024K, 3 young (3072K), 3 survivors (3072K)
 Metaspace       used 86247K, committed 88320K, reserved 1179648K
  class space    used 11978K, committed 12992K, reserved 1048576K
}
Event: 22.826 GC heap before
{Heap before GC invocations=39 (full 0):
 garbage-first heap   total 201728K, used 151309K [0x0000000080000000, 0x0000000100000000)
  region size 1024K, 34 young (34816K), 3 survivors (3072K)
 Metaspace       used 86468K, committed 88512K, reserved 1179648K
  class space    used 11994K, committed 12992K, reserved 1048576K
}
Event: 22.877 GC heap after
{Heap after GC invocations=40 (full 0):
 garbage-first heap   total 201728K, used 115892K [0x0000000080000000, 0x0000000100000000)
  region size 1024K, 5 young (5120K), 5 survivors (5120K)
 Metaspace       used 86468K, committed 88512K, reserved 1179648K
  class space    used 11994K, committed 12992K, reserved 1048576K
}
Event: 23.557 GC heap before
{Heap before GC invocations=40 (full 0):
 garbage-first heap   total 201728K, used 183476K [0x0000000080000000, 0x0000000100000000)
  region size 1024K, 57 young (58368K), 5 survivors (5120K)
 Metaspace       used 87369K, committed 89472K, reserved 1179648K
  class space    used 12065K, committed 13120K, reserved 1048576K
}

