# JRE version: Java(TM) SE Runtime Environment (21.0.1+12) (build 21.0.1+12-LTS-29)
# Java VM: Java HotSpot(TM) 64-Bit Server VM (21.0.1+12-LTS-29, mixed mode, sharing, tiered, compressed oops, compressed class ptrs, g1 gc, windows-amd64)
GC Precious Log:
 CardTable entry size: 512
 Card Set container configuration: InlinePtr #cards 5 size 8 Array Of Cards #cards 12 size 40 Howl #buckets 4 coarsen threshold 1843 Howl Bitmap #cards 512 size 80 coarsen threshold 460 Card regions per heap region 1 cards per card region 2048
 CPUs: 12 total, 12 available
 Memory: 6005M
 Large Page Support: Disabled
 NUMA Support: Disabled
 Compressed Oops: Enabled (32-bit)
 Heap Region Size: 1M
 Heap Min Capacity: 8M
 Heap Initial Capacity: 94M
 Heap Max Capacity: 2G
 Pre-touch: Disabled
 Parallel Workers: 10
 Concurrent Workers: 3
 Concurrent Refinement Workers: 10
 Periodic GC: Disabled
Heap:
 garbage-first heap   total 152576K, used 88221K [0x0000000080000000, 0x0000000100000000)
  region size 1024K, 6 young (6144K), 5 survivors (5120K)
 Metaspace       used 89640K, committed 91712K, reserved 1179648K
  class space    used 12603K, committed 13632K, reserved 1048576K
GC Heap History (20 events):
Event: 15.825 GC heap before
{Heap before GC invocations=26 (full 0):
 garbage-first heap   total 119808K, used 99001K [0x0000000080000000, 0x0000000100000000)
  region size 1024K, 36 young (36864K), 4 survivors (4096K)
 Metaspace       used 66547K, committed 68416K, reserved 1114112K
  class space    used 9289K, committed 10240K, reserved 1048576K
}
Event: 15.828 GC heap after
{Heap after GC invocations=27 (full 0):
 garbage-first heap   total 119808K, used 67559K [0x0000000080000000, 0x0000000100000000)
  region size 1024K, 4 young (4096K), 4 survivors (4096K)
 Metaspace       used 66547K, committed 68416K, reserved 1114112K
  class space    used 9289K, committed 10240K, reserved 1048576K
}
Event: 17.388 GC heap before
{Heap before GC invocations=28 (full 0):
 garbage-first heap   total 119808K, used 101351K [0x0000000080000000, 0x0000000100000000)
  region size 1024K, 38 young (38912K), 4 survivors (4096K)
 Metaspace       used 68674K, committed 70528K, reserved 1114112K
  class space    used 9543K, committed 10496K, reserved 1048576K
}
Event: 17.393 GC heap after
{Heap after GC invocations=29 (full 0):
 garbage-first heap   total 119808K, used 70043K [0x0000000080000000, 0x0000000100000000)
  region size 1024K, 5 young (5120K), 5 survivors (5120K)
 Metaspace       used 68674K, committed 70528K, reserved 1114112K
  class space    used 9543K, committed 10496K, reserved 1048576K
}
Event: 17.954 GC heap before
{Heap before GC invocations=29 (full 0):
 garbage-first heap   total 119808K, used 104859K [0x0000000080000000, 0x0000000100000000)
  region size 1024K, 38 young (38912K), 5 survivors (5120K)
 Metaspace       used 71246K, committed 73152K, reserved 1114112K
  class space    used 9898K, committed 10880K, reserved 1048576K
}
Event: 17.958 GC heap after
{Heap after GC invocations=30 (full 0):
 garbage-first heap   total 119808K, used 71381K [0x0000000080000000, 0x0000000100000000)
  region size 1024K, 2 young (2048K), 2 survivors (2048K)
 Metaspace       used 71246K, committed 73152K, reserved 1114112K
  class space    used 9898K, committed 10880K, reserved 1048576K
}
Event: 18.617 GC heap before
{Heap before GC invocations=30 (full 0):
 garbage-first heap   total 119808K, used 106197K [0x0000000080000000, 0x0000000100000000)
  region size 1024K, 36 young (36864K), 2 survivors (2048K)
 Metaspace       used 73861K, committed 75776K, reserved 1114112K
  class space    used 10380K, committed 11328K, reserved 1048576K
}
Event: 18.619 GC heap after
{Heap after GC invocations=31 (full 0):
 garbage-first heap   total 119808K, used 71555K [0x0000000080000000, 0x0000000100000000)
  region size 1024K, 2 young (2048K), 2 survivors (2048K)
 Metaspace       used 73861K, committed 75776K, reserved 1114112K
  class space    used 10380K, committed 11328K, reserved 1048576K
}
Event: 19.600 GC heap before
{Heap before GC invocations=32 (full 0):
 garbage-first heap   total 121856K, used 107395K [0x0000000080000000, 0x0000000100000000)
  region size 1024K, 38 young (38912K), 2 survivors (2048K)
 Metaspace       used 76585K, committed 78592K, reserved 1179648K
  class space    used 10828K, committed 11840K, reserved 1048576K
}
Event: 19.604 GC heap after
{Heap after GC invocations=33 (full 0):
 garbage-first heap   total 121856K, used 72338K [0x0000000080000000, 0x0000000100000000)
  region size 1024K, 4 young (4096K), 4 survivors (4096K)
 Metaspace       used 76585K, committed 78592K, reserved 1179648K
  class space    used 10828K, committed 11840K, reserved 1048576K
}
Event: 20.334 GC heap before
{Heap before GC invocations=33 (full 0):
 garbage-first heap   total 121856K, used 110226K [0x0000000080000000, 0x0000000100000000)
  region size 1024K, 41 young (41984K), 4 survivors (4096K)
 Metaspace       used 79405K, committed 81472K, reserved 1179648K
  class space    used 11229K, committed 12288K, reserved 1048576K
}
Event: 20.339 GC heap after
{Heap after GC invocations=34 (full 0):
 garbage-first heap   total 121856K, used 74053K [0x0000000080000000, 0x0000000100000000)
  region size 1024K, 6 young (6144K), 6 survivors (6144K)
 Metaspace       used 79405K, committed 81472K, reserved 1179648K
  class space    used 11229K, committed 12288K, reserved 1048576K
}
Event: 21.080 GC heap before
{Heap before GC invocations=34 (full 0):
 garbage-first heap   total 121856K, used 107845K [0x0000000080000000, 0x0000000100000000)
  region size 1024K, 39 young (39936K), 6 survivors (6144K)
 Metaspace       used 82105K, committed 84160K, reserved 1179648K
  class space    used 11650K, committed 12672K, reserved 1048576K
}
Event: 21.085 GC heap after
{Heap after GC invocations=35 (full 0):
 garbage-first heap   total 121856K, used 75523K [0x0000000080000000, 0x0000000100000000)
  region size 1024K, 2 young (2048K), 2 survivors (2048K)
 Metaspace       used 82105K, committed 84160K, reserved 1179648K
  class space    used 11650K, committed 12672K, reserved 1048576K
}
Event: 21.812 GC heap before
{Heap before GC invocations=36 (full 0):
 garbage-first heap   total 128000K, used 111363K [0x0000000080000000, 0x0000000100000000)
  region size 1024K, 38 young (38912K), 2 survivors (2048K)
 Metaspace       used 85145K, committed 87168K, reserved 1179648K
  class space    used 12011K, committed 13056K, reserved 1048576K
}
Event: 21.816 GC heap after
{Heap after GC invocations=37 (full 0):
 garbage-first heap   total 128000K, used 78299K [0x0000000080000000, 0x0000000100000000)
  region size 1024K, 5 young (5120K), 5 survivors (5120K)
 Metaspace       used 85145K, committed 87168K, reserved 1179648K
  class space    used 12011K, committed 13056K, reserved 1048576K
}
Event: 22.608 GC heap before
{Heap before GC invocations=37 (full 0):
 garbage-first heap   total 128000K, used 119259K [0x0000000080000000, 0x0000000100000000)
  region size 1024K, 41 young (41984K), 5 survivors (5120K)
 Metaspace       used 88855K, committed 90944K, reserved 1179648K
  class space    used 12477K, committed 13504K, reserved 1048576K
}
Event: 22.617 GC heap after
{Heap after GC invocations=38 (full 0):
 garbage-first heap   total 133120K, used 82606K [0x0000000080000000, 0x0000000100000000)
  region size 1024K, 6 young (6144K), 6 survivors (6144K)
 Metaspace       used 88855K, committed 90944K, reserved 1179648K
  class space    used 12477K, committed 13504K, reserved 1048576K
}
Event: 22.838 GC heap before
{Heap before GC invocations=38 (full 0):
 garbage-first heap   total 133120K, used 118446K [0x0000000080000000, 0x0000000100000000)
  region size 1024K, 41 young (41984K), 6 survivors (6144K)
 Metaspace       used 88937K, committed 91008K, reserved 1179648K
  class space    used 12489K, committed 13504K, reserved 1048576K
}
Event: 22.843 GC heap after
{Heap after GC invocations=39 (full 0):
 garbage-first heap   total 133120K, used 86436K [0x0000000080000000, 0x0000000100000000)
  region size 1024K, 4 young (4096K), 4 survivors (4096K)
 Metaspace       used 88937K, committed 91008K, reserved 1179648K
  class space    used 12489K, committed 13504K, reserved 1048576K
}

