# JRE version: Java(TM) SE Runtime Environment (21.0.1+12) (build 21.0.1+12-LTS-29)
# Java VM: Java HotSpot(TM) 64-Bit Server VM (21.0.1+12-LTS-29, mixed mode, sharing, tiered, compressed oops, compressed class ptrs, g1 gc, windows-amd64)
GC Precious Log:
 CardTable entry size: 512
 Card Set container configuration: InlinePtr #cards 5 size 8 Array Of Cards #cards 12 size 40 Howl #buckets 4 coarsen threshold 1843 Howl Bitmap #cards 512 size 80 coarsen threshold 460 Card regions per heap region 1 cards per card region 2048
 CPUs: 12 total, 12 available
 Memory: 6005M
 Large Page Support: Disabled
 NUMA Support: Disabled
 Compressed Oops: Enabled (32-bit)
 Heap Region Size: 1M
 Heap Min Capacity: 8M
 Heap Initial Capacity: 94M
 Heap Max Capacity: 2G
 Pre-touch: Disabled
 Parallel Workers: 10
 Concurrent Workers: 3
 Concurrent Refinement Workers: 10
 Periodic GC: Disabled
Heap:
 garbage-first heap   total 225280K, used 162777K [0x0000000080000000, 0x0000000100000000)
  region size 1024K, 24 young (24576K), 8 survivors (8192K)
 Metaspace       used 127845K, committed 130240K, reserved 1179648K
  class space    used 18113K, committed 19264K, reserved 1048576K
GC Heap History (20 events):
Event: 26.466 GC heap before
{Heap before GC invocations=45 (full 0):
 garbage-first heap   total 203776K, used 176943K [0x0000000080000000, 0x0000000100000000)
  region size 1024K, 61 young (62464K), 4 survivors (4096K)
 Metaspace       used 95912K, committed 98112K, reserved 1179648K
  class space    used 13260K, committed 14336K, reserved 1048576K
}
Event: 26.472 GC heap after
{Heap after GC invocations=46 (full 0):
 garbage-first heap   total 203776K, used 123135K [0x0000000080000000, 0x0000000100000000)
  region size 1024K, 8 young (8192K), 8 survivors (8192K)
 Metaspace       used 95912K, committed 98112K, reserved 1179648K
  class space    used 13260K, committed 14336K, reserved 1048576K
}
Event: 29.955 GC heap before
{Heap before GC invocations=46 (full 0):
 garbage-first heap   total 203776K, used 178431K [0x0000000080000000, 0x0000000100000000)
  region size 1024K, 63 young (64512K), 8 survivors (8192K)
 Metaspace       used 96449K, committed 98624K, reserved 1179648K
  class space    used 13316K, committed 14400K, reserved 1048576K
}
Event: 29.963 GC heap after
{Heap after GC invocations=47 (full 0):
 garbage-first heap   total 203776K, used 122869K [0x0000000080000000, 0x0000000100000000)
  region size 1024K, 5 young (5120K), 5 survivors (5120K)
 Metaspace       used 96449K, committed 98624K, reserved 1179648K
  class space    used 13316K, committed 14400K, reserved 1048576K
}
Event: 31.240 GC heap before
{Heap before GC invocations=47 (full 0):
 garbage-first heap   total 203776K, used 152565K [0x0000000080000000, 0x0000000100000000)
  region size 1024K, 36 young (36864K), 5 survivors (5120K)
 Metaspace       used 103763K, committed 106048K, reserved 1179648K
  class space    used 14183K, committed 15360K, reserved 1048576K
}
Event: 31.248 GC heap after
{Heap after GC invocations=48 (full 0):
 garbage-first heap   total 203776K, used 128907K [0x0000000080000000, 0x0000000100000000)
  region size 1024K, 6 young (6144K), 6 survivors (6144K)
 Metaspace       used 103763K, committed 106048K, reserved 1179648K
  class space    used 14183K, committed 15360K, reserved 1048576K
}
Event: 32.423 GC heap before
{Heap before GC invocations=49 (full 0):
 garbage-first heap   total 211968K, used 172939K [0x0000000080000000, 0x0000000100000000)
  region size 1024K, 59 young (60416K), 6 survivors (6144K)
 Metaspace       used 106397K, committed 108736K, reserved 1179648K
  class space    used 14472K, committed 15616K, reserved 1048576K
}
Event: 32.438 GC heap after
{Heap after GC invocations=50 (full 0):
 garbage-first heap   total 211968K, used 130565K [0x0000000080000000, 0x0000000100000000)
  region size 1024K, 8 young (8192K), 8 survivors (8192K)
 Metaspace       used 106397K, committed 108736K, reserved 1179648K
  class space    used 14472K, committed 15616K, reserved 1048576K
}
Event: 33.358 GC heap before
{Heap before GC invocations=50 (full 0):
 garbage-first heap   total 211968K, used 184837K [0x0000000080000000, 0x0000000100000000)
  region size 1024K, 61 young (62464K), 8 survivors (8192K)
 Metaspace       used 107242K, committed 109568K, reserved 1179648K
  class space    used 14508K, committed 15680K, reserved 1048576K
}
Event: 33.369 GC heap after
{Heap after GC invocations=51 (full 0):
 garbage-first heap   total 211968K, used 126462K [0x0000000080000000, 0x0000000100000000)
  region size 1024K, 3 young (3072K), 3 survivors (3072K)
 Metaspace       used 107242K, committed 109568K, reserved 1179648K
  class space    used 14508K, committed 15680K, reserved 1048576K
}
Event: 34.091 GC heap before
{Heap before GC invocations=51 (full 0):
 garbage-first heap   total 211968K, used 183806K [0x0000000080000000, 0x0000000100000000)
  region size 1024K, 59 young (60416K), 3 survivors (3072K)
 Metaspace       used 107593K, committed 109888K, reserved 1179648K
  class space    used 14514K, committed 15680K, reserved 1048576K
}
Event: 34.096 GC heap after
{Heap after GC invocations=52 (full 0):
 garbage-first heap   total 211968K, used 127838K [0x0000000080000000, 0x0000000100000000)
  region size 1024K, 5 young (5120K), 5 survivors (5120K)
 Metaspace       used 107593K, committed 109888K, reserved 1179648K
  class space    used 14514K, committed 15680K, reserved 1048576K
}
Event: 35.389 GC heap before
{Heap before GC invocations=53 (full 0):
 garbage-first heap   total 225280K, used 188254K [0x0000000080000000, 0x0000000100000000)
  region size 1024K, 63 young (64512K), 5 survivors (5120K)
 Metaspace       used 109616K, committed 111936K, reserved 1179648K
  class space    used 14766K, committed 15936K, reserved 1048576K
}
Event: 35.399 GC heap after
{Heap after GC invocations=54 (full 0):
 garbage-first heap   total 225280K, used 132566K [0x0000000080000000, 0x0000000100000000)
  region size 1024K, 8 young (8192K), 8 survivors (8192K)
 Metaspace       used 109616K, committed 111936K, reserved 1179648K
  class space    used 14766K, committed 15936K, reserved 1048576K
}
Event: 36.380 GC heap before
{Heap before GC invocations=54 (full 0):
 garbage-first heap   total 225280K, used 202198K [0x0000000080000000, 0x0000000100000000)
  region size 1024K, 77 young (78848K), 8 survivors (8192K)
 Metaspace       used 115208K, committed 117504K, reserved 1179648K
  class space    used 15675K, committed 16832K, reserved 1048576K
}
Event: 36.395 GC heap after
{Heap after GC invocations=55 (full 0):
 garbage-first heap   total 225280K, used 143164K [0x0000000080000000, 0x0000000100000000)
  region size 1024K, 10 young (10240K), 10 survivors (10240K)
 Metaspace       used 115208K, committed 117504K, reserved 1179648K
  class space    used 15675K, committed 16832K, reserved 1048576K
}
Event: 37.095 GC heap before
{Heap before GC invocations=55 (full 0):
 garbage-first heap   total 225280K, used 200508K [0x0000000080000000, 0x0000000100000000)
  region size 1024K, 67 young (68608K), 10 survivors (10240K)
 Metaspace       used 122452K, committed 124736K, reserved 1179648K
  class space    used 17163K, committed 18304K, reserved 1048576K
}
Event: 37.113 GC heap after
{Heap after GC invocations=56 (full 0):
 garbage-first heap   total 225280K, used 145926K [0x0000000080000000, 0x0000000100000000)
  region size 1024K, 4 young (4096K), 4 survivors (4096K)
 Metaspace       used 122452K, committed 124736K, reserved 1179648K
  class space    used 17163K, committed 18304K, reserved 1048576K
}
Event: 37.600 GC heap before
{Heap before GC invocations=56 (full 0):
 garbage-first heap   total 225280K, used 203270K [0x0000000080000000, 0x0000000100000000)
  region size 1024K, 61 young (62464K), 4 survivors (4096K)
 Metaspace       used 127022K, committed 129408K, reserved 1179648K
  class space    used 17981K, committed 19136K, reserved 1048576K
}
Event: 37.609 GC heap after
{Heap after GC invocations=57 (full 0):
 garbage-first heap   total 225280K, used 149465K [0x0000000080000000, 0x0000000100000000)
  region size 1024K, 8 young (8192K), 8 survivors (8192K)
 Metaspace       used 127022K, committed 129408K, reserved 1179648K
  class space    used 17981K, committed 19136K, reserved 1048576K
}

